<?xml version="1.0" encoding="UTF-8"?>
<!-- Generated by org.testng.reporters.JUnitXMLReporter -->
<testsuite ignored="0" hostname="DESKTOP-721SLGV" failures="0" tests="1" name="firefoxTest" time="172.432" errors="0" timestamp="2022-07-21T21:54:16 IST">
  <testcase classname="dataDriven.Base_Test" name="@BeforeClass Browser_Setup" time="22.685">
    <failure type="org.openqa.selenium.WebDriverException" message="Timed out waiting for driver server to start.
Build info: version: &amp;apos;3.7.0&amp;apos;, revision: &amp;apos;2321c73&amp;apos;, time: &amp;apos;2017-11-02T22:12:12.411Z&amp;apos;
System info: host: &amp;apos;DESKTOP-721SLGV&amp;apos;, ip: &amp;apos;192.168.43.23&amp;apos;, os.name: &amp;apos;Windows 10&amp;apos;, os.arch: &amp;apos;amd64&amp;apos;, os.version: &amp;apos;10.0&amp;apos;, java.version: &amp;apos;18.0.1&amp;apos;
Driver info: driver.version: EdgeDriver">
      <![CDATA[org.openqa.selenium.WebDriverException: Timed out waiting for driver server to start.
Build info: version: '3.7.0', revision: '2321c73', time: '2017-11-02T22:12:12.411Z'
System info: host: 'DESKTOP-721SLGV', ip: '192.168.43.23', os.name: 'Windows 10', os.arch: 'amd64', os.version: '10.0', java.version: '18.0.1'
Driver info: driver.version: EdgeDriver
at org.openqa.selenium.remote.service.DriverService.waitUntilAvailable(DriverService.java:192)
at org.openqa.selenium.remote.service.DriverService.start(DriverService.java:178)
at org.openqa.selenium.remote.service.DriverCommandExecutor.execute(DriverCommandExecutor.java:79)
at org.openqa.selenium.remote.RemoteWebDriver.execute(RemoteWebDriver.java:600)
at org.openqa.selenium.remote.RemoteWebDriver.startSession(RemoteWebDriver.java:219)
at org.openqa.selenium.remote.RemoteWebDriver.<init>(RemoteWebDriver.java:142)
at org.openqa.selenium.edge.EdgeDriver.<init>(EdgeDriver.java:141)
at org.openqa.selenium.edge.EdgeDriver.<init>(EdgeDriver.java:96)
at dataDriven.Base_Test.Browser_Setup(Base_Test.java:34)
at java.base/java.util.ArrayList.forEach(ArrayList.java:1511)
at java.base/java.util.concurrent.FutureTask.run(FutureTask.java:264)
at java.base/java.util.concurrent.ThreadPoolExecutor.runWorker(ThreadPoolExecutor.java:1136)
at java.base/java.util.concurrent.ThreadPoolExecutor$Worker.run(ThreadPoolExecutor.java:635)
at java.base/java.lang.Thread.run(Thread.java:833)
Caused by: org.openqa.selenium.net.UrlChecker$TimeoutException: Timed out waiting for [http://localhost:29427/status] to be available after 20029 ms
at org.openqa.selenium.net.UrlChecker.waitUntilAvailable(UrlChecker.java:100)
at org.openqa.selenium.remote.service.DriverService.waitUntilAvailable(DriverService.java:187)
... 27 more
Caused by: java.util.concurrent.TimeoutException
at java.base/java.util.concurrent.FutureTask.get(FutureTask.java:204)
at com.google.common.util.concurrent.SimpleTimeLimiter.callWithTimeout(SimpleTimeLimiter.java:147)
at org.openqa.selenium.net.UrlChecker.waitUntilAvailable(UrlChecker.java:75)
... 28 more
... Removed 14 stack frames]]>
    </failure>
  </testcase> <!-- @BeforeClass Browser_Setup -->
  <testcase classname="dataDriven.Base_Test" name="@AfterClass Browser_tear_down" time="-1.658420507298E9">
    <skipped/>
  </testcase> <!-- @AfterClass Browser_tear_down -->
  <testcase classname="dataDriven.Base_Test" name="@BeforeClass Browser_Setup" time="172.353">
    <failure type="org.openqa.selenium.TimeoutException" message="Failed to read marionette port
Build info: version: &amp;apos;3.7.0&amp;apos;, revision: &amp;apos;2321c73&amp;apos;, time: &amp;apos;2017-11-02T22:12:12.411Z&amp;apos;
System info: host: &amp;apos;DESKTOP-721SLGV&amp;apos;, ip: &amp;apos;192.168.43.23&amp;apos;, os.name: &amp;apos;Windows 10&amp;apos;, os.arch: &amp;apos;amd64&amp;apos;, os.version: &amp;apos;10.0&amp;apos;, java.version: &amp;apos;18.0.1&amp;apos;
Driver info: driver.version: FirefoxDriver
remote stacktrace: ">
      <![CDATA[org.openqa.selenium.TimeoutException: Failed to read marionette port
Build info: version: '3.7.0', revision: '2321c73', time: '2017-11-02T22:12:12.411Z'
System info: host: 'DESKTOP-721SLGV', ip: '192.168.43.23', os.name: 'Windows 10', os.arch: 'amd64', os.version: '10.0', java.version: '18.0.1'
Driver info: driver.version: FirefoxDriver
remote stacktrace: 
at org.openqa.selenium.remote.W3CHandshakeResponse.lambda$new$0(W3CHandshakeResponse.java:57)
at org.openqa.selenium.remote.W3CHandshakeResponse.lambda$getResponseFunction$2(W3CHandshakeResponse.java:104)
at org.openqa.selenium.remote.ProtocolHandshake.lambda$createSession$0(ProtocolHandshake.java:123)
at java.base/java.util.stream.ReferencePipeline$3$1.accept(ReferencePipeline.java:197)
at java.base/java.util.Spliterators$ArraySpliterator.tryAdvance(Spliterators.java:1002)
at java.base/java.util.stream.ReferencePipeline.forEachWithCancel(ReferencePipeline.java:129)
at java.base/java.util.stream.AbstractPipeline.copyIntoWithCancel(AbstractPipeline.java:527)
at java.base/java.util.stream.AbstractPipeline.copyInto(AbstractPipeline.java:513)
at java.base/java.util.stream.AbstractPipeline.wrapAndCopyInto(AbstractPipeline.java:499)
at java.base/java.util.stream.FindOps$FindOp.evaluateSequential(FindOps.java:150)
at java.base/java.util.stream.AbstractPipeline.evaluate(AbstractPipeline.java:234)
at java.base/java.util.stream.ReferencePipeline.findFirst(ReferencePipeline.java:647)
at org.openqa.selenium.remote.ProtocolHandshake.createSession(ProtocolHandshake.java:126)
at org.openqa.selenium.remote.ProtocolHandshake.createSession(ProtocolHandshake.java:73)
at org.openqa.selenium.remote.HttpCommandExecutor.execute(HttpCommandExecutor.java:142)
at org.openqa.selenium.remote.service.DriverCommandExecutor.execute(DriverCommandExecutor.java:83)
at org.openqa.selenium.remote.RemoteWebDriver.execute(RemoteWebDriver.java:600)
at org.openqa.selenium.remote.RemoteWebDriver.startSession(RemoteWebDriver.java:219)
at org.openqa.selenium.remote.RemoteWebDriver.<init>(RemoteWebDriver.java:142)
at org.openqa.selenium.firefox.FirefoxDriver.<init>(FirefoxDriver.java:120)
at org.openqa.selenium.firefox.FirefoxDriver.<init>(FirefoxDriver.java:98)
at dataDriven.Base_Test.Browser_Setup(Base_Test.java:30)
at java.base/java.util.ArrayList.forEach(ArrayList.java:1511)
at java.base/java.util.concurrent.FutureTask.run(FutureTask.java:264)
at java.base/java.util.concurrent.ThreadPoolExecutor.runWorker(ThreadPoolExecutor.java:1136)
at java.base/java.util.concurrent.ThreadPoolExecutor$Worker.run(ThreadPoolExecutor.java:635)
at java.base/java.lang.Thread.run(Thread.java:833)
... Removed 17 stack frames]]>
    </failure>
  </testcase> <!-- @BeforeClass Browser_Setup -->
  <testcase classname="dataDriven.Base_Test" name="@AfterClass Browser_tear_down" time="-1.658420656286E9">
    <skipped/>
  </testcase> <!-- @AfterClass Browser_tear_down -->
  <testcase classname="CrossBrowser.Working_with_login" name="execute" time="0.0">
    <skipped/>
  </testcase> <!-- execute -->
</testsuite> <!-- firefoxTest -->
